{
  "stats": {
    "suites": 1,
    "tests": 1,
    "passes": 1,
    "pending": 0,
    "failures": 0,
    "start": "2024-04-01T11:18:59.286Z",
    "end": "2024-04-01T11:19:09.002Z",
    "duration": 9716,
    "testsRegistered": 1,
    "passPercent": 100,
    "pendingPercent": 0,
    "other": 0,
    "hasOther": false,
    "skipped": 0,
    "hasSkipped": false
  },
  "results": [
    {
      "uuid": "a6815049-e923-4347-937b-5a07030bc86c",
      "title": "",
      "fullFile": "C:\\Users\\user\\Desktop\\automation_socialnetwork\\MochaTests\\loginTest-mocha.js",
      "file": "\\MochaTests\\loginTest-mocha.js",
      "beforeHooks": [],
      "afterHooks": [],
      "tests": [],
      "suites": [
        {
          "uuid": "076018bc-6bc7-4d1d-964e-b0a8c5925a61",
          "title": "login",
          "fullFile": "C:\\Users\\user\\Desktop\\automation_socialnetwork\\MochaTests\\loginTest-mocha.js",
          "file": "\\MochaTests\\loginTest-mocha.js",
          "beforeHooks": [],
          "afterHooks": [
            {
              "title": "\"after each\" hook in \"login\"",
              "fullTitle": "login \"after each\" hook in \"login\"",
              "timedOut": false,
              "duration": 35,
              "state": null,
              "speed": null,
              "pass": false,
              "fail": false,
              "pending": false,
              "context": null,
              "code": "await driver.quit();",
              "err": {},
              "uuid": "45fb1d2e-5b1d-4492-8a7f-6533d3e6b29f",
              "parentUUID": "076018bc-6bc7-4d1d-964e-b0a8c5925a61",
              "isHook": true,
              "skipped": false
            }
          ],
          "tests": [
            {
              "title": "login with valid information",
              "fullTitle": "login login with valid information",
              "timedOut": false,
              "duration": 9678,
              "state": "passed",
              "speed": "slow",
              "pass": true,
              "fail": false,
              "pending": false,
              "context": null,
              "code": "driver = await new Builder().forBrowser(Browser.CHROME).build();\nawait driver.get('http://localhost/project/socialnetwork/index.php');\nawait driver.sleep(1000);\nawait driver.findElement(By.name('useremail')).sendKeys('rs.expoit123@gmail.com');\nawait driver.sleep(1000);\nawait driver.findElement(By.name('userpass')).sendKeys('123456');\nawait driver.sleep(500);\nawait driver.findElement(By.name('login')).sendKeys(Key.RETURN);\nawait driver.sleep(500);\nawait driver.findElement(By.css('a[href=\"profile.php\"]')).click();\nawait driver.sleep(500);\nlet profileElementContent = await driver.executeScript(`return document.querySelector('body > div > div.profile > center > a').innerText`);\nlet username = profileElementContent.split('\\n')[0];\n/* console.log(username); */\n/* if(username === \"rocky sinh\"){\n    console.log('Test case is passed');\n}else{\n    console.log('Test case is failed');\n} */\nassert.equal(username, 'rocky sinha');\n \nawait driver.sleep(5000);",
              "err": {},
              "uuid": "4b7b033b-0ee1-4669-9d08-be762d04f13e",
              "parentUUID": "076018bc-6bc7-4d1d-964e-b0a8c5925a61",
              "isHook": false,
              "skipped": false
            }
          ],
          "suites": [],
          "passes": [
            "4b7b033b-0ee1-4669-9d08-be762d04f13e"
          ],
          "failures": [],
          "pending": [],
          "skipped": [],
          "duration": 9678,
          "root": false,
          "rootEmpty": false,
          "_timeout": 0
        }
      ],
      "passes": [],
      "failures": [],
      "pending": [],
      "skipped": [],
      "duration": 0,
      "root": true,
      "rootEmpty": true,
      "_timeout": 2000
    }
  ],
  "meta": {
    "mocha": {
      "version": "10.4.0"
    },
    "mochawesome": {
      "options": {
        "quiet": false,
        "reportFilename": "mochawesome",
        "saveHtml": true,
        "saveJson": true,
        "consoleReporter": "spec",
        "useInlineDiffs": false,
        "code": true
      },
      "version": "7.1.3"
    },
    "marge": {
      "options": {
        "overwrite": "true",
        "reportTitle": "My-App-Report",
        "showPassed": "true",
        "reportFilename: [status]_[datetime]-[name]-report": true
      },
      "version": "6.2.0"
    }
  }
}